app/build/intermediates/manifest_merge_blame_file/debug/manifest-merger-blame-debug-report.txt
1<?xml version="1.0" encoding="utf-8"?>
2<!--
3  ~ Copyright (C) 2017 Google Inc.
4  ~
5  ~ Licensed under the Apache License, Version 2.0 (the "License");
6  ~ you may not use this file except in compliance with the License.
7  ~ You may obtain a copy of the License at
8  ~
9  ~     http://www.apache.org/licenses/LICENSE-2.0
10  ~
11  ~ Unless required by applicable law or agreed to in writing, software
12  ~ distributed under the License is distributed on an "AS IS" BASIS,
13  ~ WITHOUT WARRANTIES OR CONDITIONS OF ANY KIND, either express or implied.
14  ~ See the License for the specific language governing permissions and
15  ~ limitations under the License.
16-->
17<manifest xmlns:android="http://schemas.android.com/apk/res/android"
18    package="com.example.android.walkmyandroid"
19    android:versionCode="1"
20    android:versionName="1.0" >
21
22    <uses-sdk
23        android:minSdkVersion="15"
23-->src\main\AndroidManifest.xml
24        android:targetSdkVersion="26" />
24-->src\main\AndroidManifest.xml
25
26    <uses-permission android:name="android.permission.ACCESS_COARSE_LOCATION" />
26-->src\main\AndroidManifest.xml:21:5-81
26-->src\main\AndroidManifest.xml:21:22-78
27    <uses-permission android:name="android.permission.ACCESS_FINE_LOCATION" />
27-->src\main\AndroidManifest.xml:22:5-79
27-->src\main\AndroidManifest.xml:22:22-76
28
29    <application
29-->src\main\AndroidManifest.xml:24:5-38:19
30        android:allowBackup="true"
30-->src\main\AndroidManifest.xml:25:9-35
31        android:debuggable="true"
32        android:icon="@mipmap/ic_launcher"
32-->src\main\AndroidManifest.xml:26:9-43
33        android:label="@string/app_name"
33-->src\main\AndroidManifest.xml:27:9-41
34        android:roundIcon="@mipmap/ic_launcher_round"
34-->src\main\AndroidManifest.xml:28:9-54
35        android:supportsRtl="true"
35-->src\main\AndroidManifest.xml:29:9-35
36        android:testOnly="true"
37        android:theme="@style/AppTheme" >
37-->src\main\AndroidManifest.xml:30:9-40
38        <activity android:name="com.example.android.fragmentexample.MainActivity" >
38-->src\main\AndroidManifest.xml:31:9-37:20
38-->src\main\AndroidManifest.xml:31:19-47
39            <intent-filter>
39-->src\main\AndroidManifest.xml:32:13-36:29
40                <action android:name="android.intent.action.MAIN" />
40-->src\main\AndroidManifest.xml:33:17-69
40-->src\main\AndroidManifest.xml:33:25-66
41
42                <category android:name="android.intent.category.LAUNCHER" />
42-->src\main\AndroidManifest.xml:35:17-77
42-->src\main\AndroidManifest.xml:35:27-74
43            </intent-filter>
44        </activity>
45
46        <meta-data
46-->[com.android.support:appcompat-v7:26.1.0] AndroidManifest.xml:26:9-28:38
47            android:name="android.support.VERSION"
47-->[com.android.support:appcompat-v7:26.1.0] AndroidManifest.xml:27:13-51
48            android:value="26.1.0" />
48-->[com.android.support:appcompat-v7:26.1.0] AndroidManifest.xml:28:13-35
49
50        <activity
50-->[com.google.android.gms:play-services-base:11.0.1] AndroidManifest.xml:19:9-172
51            android:name="com.google.android.gms.common.api.GoogleApiActivity"
51-->[com.google.android.gms:play-services-base:11.0.1] AndroidManifest.xml:19:19-85
52            android:exported="false"
52-->[com.google.android.gms:play-services-base:11.0.1] AndroidManifest.xml:19:146-170
53            android:theme="@android:style/Theme.Translucent.NoTitleBar" />
53-->[com.google.android.gms:play-services-base:11.0.1] AndroidManifest.xml:19:86-145
54
55        <meta-data
55-->[com.google.android.gms:play-services-basement:11.0.1] AndroidManifest.xml:20:9-121
56            android:name="com.google.android.gms.version"
56-->[com.google.android.gms:play-services-basement:11.0.1] AndroidManifest.xml:20:20-65
57            android:value="@integer/google_play_services_version" />
57-->[com.google.android.gms:play-services-basement:11.0.1] AndroidManifest.xml:20:66-119
58        <meta-data
58-->[android.arch.lifecycle:runtime:1.0.0] AndroidManifest.xml:25:9-27:47
59            android:name="android.arch.lifecycle.VERSION"
59-->[android.arch.lifecycle:runtime:1.0.0] AndroidManifest.xml:26:13-58
60            android:value="27.0.0-SNAPSHOT" />
60-->[android.arch.lifecycle:runtime:1.0.0] AndroidManifest.xml:27:13-44
61    </application>
62
63</manifest>